#
# A fatal error has been detected by the Java Runtime Environment:
#
#  EXCEPTION_ACCESS_VIOLATION (0xc0000005) at pc=0x00007fffe3401550, pid=12864, tid=0x0000000000003c54
#
# JRE version: Java(TM) SE Runtime Environment (8.0_121-b13) (build 1.8.0_121-b13)
# Java VM: Java HotSpot(TM) 64-Bit Server VM (25.121-b13 mixed mode windows-amd64 compressed oops)
# Problematic frame:
# C  0x00007fffe3401550
#
# Failed to write core dump. Minidumps are not enabled by default on client versions of Windows
#
# If you would like to submit a bug report, please visit:
#   http://bugreport.java.com/bugreport/crash.jsp
# The crash happened outside the Java Virtual Machine in native code.
# See problematic frame for where to report the bug.
#

---------------  T H R E A D  ---------------

Current thread (0x0000000016d19000):  JavaThread "pool-1-thread-1" [_thread_in_native, id=15444, stack(0x0000000017750000,0x0000000017850000)]

siginfo: ExceptionCode=0xc0000005, ExceptionInformation=0x0000000000000008 0x00007fffe3401550

Registers:
RAX=0x00007fffe3401550, RBX=0x000000001446bb98, RCX=0x0000000016d191f8, RDX=0x000000001784ddd8
RSP=0x000000001784dd58, RBP=0x000000001784ddc8, RSI=0x0000000000000005, RDI=0x00000000eb5eeb20
R8 =0x0000000000000000, R9 =0x0000000000000001, R10=0x00000000023c59a8, R11=0x000000005222b820
R12=0x0000000000000000, R13=0x000000001446bb98, R14=0x000000001784dde0, R15=0x0000000016d19000
RIP=0x00007fffe3401550, EFLAGS=0x0000000000010206

Top of Stack: (sp=0x000000001784dd58)
0x000000001784dd58:   00000000023c59d4 0000000000000000
0x000000001784dd68:   00000000142199b8 0000000000000000
0x000000001784dd78:   000000001784dd90 000000001784de10
0x000000001784dd88:   000000001784dd88 0000000000000000
0x000000001784dd98:   000000001784dde0 000000001446be60
0x000000001784dda8:   0000000000000000 000000001446bb98
0x000000001784ddb8:   0000000000000000 000000001784dde8
0x000000001784ddc8:   000000001784de28 00000000023b7ae0
0x000000001784ddd8:   00000000c005b998 00000000023c1716
0x000000001784dde8:   000000001784dde8 0000000014465078
0x000000001784ddf8:   000000001784de38 00000000144654e8
0x000000001784de08:   0000000000000000 0000000014465098
0x000000001784de18:   000000001784dde8 000000001784de38
0x000000001784de28:   000000001784de80 00000000023b7b25
0x000000001784de38:   00000000c0418c08 000000001784de40
0x000000001784de48:   0000000014463f84 000000001784de90 

Instructions: (pc=0x00007fffe3401550)
0x00007fffe3401530:   
[error occurred during error reporting (printing registers, top of stack, instructions near pc), id 0xc0000005]

Register to memory mapping:

RAX=0x00007fffe3401550 is an unknown value
RBX={method} {0x000000001446bba0} 'getPid' '()I' in 'net/rubygrapefruit/platform/internal/jni/PosixProcessFunctions'
RCX=0x0000000016d191f8 is an unknown value
RDX=0x000000001784ddd8 is pointing into the stack for thread: 0x0000000016d19000
RSP=0x000000001784dd58 is pointing into the stack for thread: 0x0000000016d19000
RBP=0x000000001784ddc8 is pointing into the stack for thread: 0x0000000016d19000
RSI=0x0000000000000005 is an unknown value
RDI=0x00000000eb5eeb20 is an oop
sun.nio.ch.NativeThreadSet 
 - klass: 'sun/nio/ch/NativeThreadSet'
R8 =0x0000000000000000 is an unknown value
R9 =0x0000000000000001 is an unknown value
R10=0x00000000023c59a8 is at code_begin+840 in an Interpreter codelet
method entry point (kind = native)  [0x00000000023c5660, 0x00000000023c5fc0]  2400 bytes
R11=0x000000005222b820 is an unknown value
R12=0x0000000000000000 is an unknown value
R13={method} {0x000000001446bba0} 'getPid' '()I' in 'net/rubygrapefruit/platform/internal/jni/PosixProcessFunctions'
R14=0x000000001784dde0 is pointing into the stack for thread: 0x0000000016d19000
R15=0x0000000016d19000 is a thread


Stack: [0x0000000017750000,0x0000000017850000],  sp=0x000000001784dd58,  free space=1015k
Native frames: (J=compiled Java code, j=interpreted, Vv=VM code, C=native code)
C  0x00007fffe3401550

Java frames: (J=compiled Java code, j=interpreted, Vv=VM code)
j  net.rubygrapefruit.platform.internal.jni.PosixProcessFunctions.getPid()I+0
j  net.rubygrapefruit.platform.internal.DefaultProcess.getProcessId()I+0
j  net.rubygrapefruit.platform.internal.WrapperProcess.getProcessId()I+4
j  org.gradle.internal.nativeintegration.processenvironment.NativePlatformBackedProcessEnvironment.getPid()Ljava/lang/Long;+4
j  org.gradle.internal.nativeintegration.processenvironment.AbstractProcessEnvironment.maybeGetPid()Ljava/lang/Long;+1
j  org.gradle.cache.internal.DefaultProcessMetaDataProvider.getProcessIdentifier()Ljava/lang/String;+4
j  org.gradle.cache.internal.DefaultFileLockManager$DefaultFileLock.lock(Lorg/gradle/cache/internal/FileLockManager$LockMode;)Lorg/gradle/cache/internal/filelock/LockState;+211
j  org.gradle.cache.internal.DefaultFileLockManager$DefaultFileLock.<init>(Lorg/gradle/cache/internal/DefaultFileLockManager;Ljava/io/File;Lorg/gradle/cache/internal/filelock/LockOptions;Ljava/lang/String;Ljava/lang/String;I)V+254
j  org.gradle.cache.internal.DefaultFileLockManager.lock(Ljava/io/File;Lorg/gradle/cache/internal/filelock/LockOptions;Ljava/lang/String;Ljava/lang/String;)Lorg/gradle/cache/internal/FileLock;+98
j  org.gradle.cache.internal.DefaultFileLockManager.lock(Ljava/io/File;Lorg/gradle/cache/internal/filelock/LockOptions;Ljava/lang/String;)Lorg/gradle/cache/internal/FileLock;+6
j  org.gradle.cache.internal.OnDemandFileAccess.updateFile(Ljava/lang/Runnable;)V+18
j  org.gradle.cache.internal.SimpleStateCache.update(Lorg/gradle/cache/PersistentStateCache$UpdateAction;)V+13
j  org.gradle.cache.internal.FileIntegrityViolationSuppressingPersistentStateCacheDecorator.update(Lorg/gradle/cache/PersistentStateCache$UpdateAction;)V+5
j  org.gradle.launcher.daemon.registry.PersistentDaemonRegistry.storeStopEvent(Lorg/gradle/launcher/daemon/registry/DaemonStopEvent;)V+42
j  org.gradle.launcher.daemon.server.DomainRegistryUpdater.onExpire(Ljava/lang/String;Lorg/gradle/launcher/daemon/server/expiry/DaemonExpirationStatus;)V+48
j  org.gradle.launcher.daemon.server.Daemon$DefaultDaemonExpirationListener.onExpirationEvent(Lorg/gradle/launcher/daemon/server/expiry/DaemonExpirationResult;)V+28
v  ~StubRoutines::call_stub
J 1742  sun.reflect.NativeMethodAccessorImpl.invoke0(Ljava/lang/reflect/Method;Ljava/lang/Object;[Ljava/lang/Object;)Ljava/lang/Object; (0 bytes) @ 0x00000000024cdcbf [0x00000000024cdc40+0x7f]
J 1741 C1 sun.reflect.NativeMethodAccessorImpl.invoke(Ljava/lang/Object;[Ljava/lang/Object;)Ljava/lang/Object; (104 bytes) @ 0x0000000002968ba4 [0x0000000002967a00+0x11a4]
J 4964 C2 org.gradle.internal.dispatch.ReflectionDispatch.dispatch(Ljava/lang/Object;)V (9 bytes) @ 0x0000000003449e28 [0x0000000003449d80+0xa8]
j  org.gradle.internal.event.DefaultListenerManager$ListenerDetails.dispatch(Lorg/gradle/internal/dispatch/MethodInvocation;)V+15
j  org.gradle.internal.event.DefaultListenerManager$ListenerDetails.dispatch(Ljava/lang/Object;)V+5
J 8806 C1 org.gradle.internal.event.AbstractBroadcastDispatch.dispatch(Lorg/gradle/internal/dispatch/MethodInvocation;Ljava/util/Iterator;)V (127 bytes) @ 0x0000000003f01de4 [0x0000000003f01c60+0x184]
J 4858 C1 org.gradle.internal.event.DefaultListenerManager$EventBroadcast$ListenerDispatch.dispatch(Lorg/gradle/internal/dispatch/MethodInvocation;)V (46 bytes) @ 0x00000000033f8214 [0x00000000033f7fe0+0x234]
J 4470 C1 org.gradle.internal.event.DefaultListenerManager$EventBroadcast$ListenerDispatch.dispatch(Ljava/lang/Object;)V (9 bytes) @ 0x000000000328b2ec [0x000000000328b180+0x16c]
J 9323 C2 org.gradle.internal.event.BroadcastDispatch.dispatch(Ljava/lang/Object;)V (9 bytes) @ 0x000000000332ec94 [0x000000000332e9a0+0x2f4]
J 9335 C2 org.gradle.internal.dispatch.ProxyDispatchAdapter$DispatchingInvocationHandler.invoke(Ljava/lang/Object;Ljava/lang/reflect/Method;[Ljava/lang/Object;)Ljava/lang/Object; (185 bytes) @ 0x0000000002eda6a8 [0x0000000002eda440+0x268]
j  com.sun.proxy.$Proxy2.onExpirationEvent(Lorg/gradle/launcher/daemon/server/expiry/DaemonExpirationResult;)V+16
j  org.gradle.launcher.daemon.server.Daemon$DaemonExpirationPeriodicCheck.run()V+53
J 8306 C1 java.util.concurrent.Executors$RunnableAdapter.call()Ljava/lang/Object; (14 bytes) @ 0x0000000002fa348c [0x0000000002fa3380+0x10c]
J 8305 C1 java.util.concurrent.FutureTask.runAndReset()Z (128 bytes) @ 0x0000000003d87f9c [0x0000000003d87d40+0x25c]
J 6170 C1 java.util.concurrent.ScheduledThreadPoolExecutor$ScheduledFutureTask.run()V (59 bytes) @ 0x0000000002f72d2c [0x0000000002f72800+0x52c]
j  java.util.concurrent.ThreadPoolExecutor.runWorker(Ljava/util/concurrent/ThreadPoolExecutor$Worker;)V+95
j  java.util.concurrent.ThreadPoolExecutor$Worker.run()V+5
j  java.lang.Thread.run()V+11
v  ~StubRoutines::call_stub

---------------  P R O C E S S  ---------------

Java Threads: ( => current thread )
  0x00000000194e8800 JavaThread "File lock request listener" [_thread_in_native, id=17284, stack(0x000000001a190000,0x000000001a290000)]
  0x0000000016b09000 JavaThread "Incoming local TCP Connector on port 49991" [_thread_in_native, id=7028, stack(0x0000000017d90000,0x0000000017e90000)]
=>0x0000000016d19000 JavaThread "pool-1-thread-1" [_thread_in_native, id=15444, stack(0x0000000017750000,0x0000000017850000)]
  0x000000001489c000 JavaThread "Service Thread" daemon [_thread_blocked, id=15736, stack(0x0000000015980000,0x0000000015a80000)]
  0x0000000014840000 JavaThread "C1 CompilerThread1" daemon [_thread_blocked, id=11664, stack(0x0000000015880000,0x0000000015980000)]
  0x000000001483d000 JavaThread "C2 CompilerThread0" daemon [_thread_blocked, id=4356, stack(0x0000000015780000,0x0000000015880000)]
  0x0000000014839800 JavaThread "Attach Listener" daemon [_thread_blocked, id=6524, stack(0x0000000015680000,0x0000000015780000)]
  0x0000000014836800 JavaThread "Signal Dispatcher" daemon [_thread_blocked, id=11816, stack(0x0000000015580000,0x0000000015680000)]
  0x0000000014828800 JavaThread "Finalizer" daemon [_thread_blocked, id=7040, stack(0x0000000015480000,0x0000000015580000)]
  0x000000000239e800 JavaThread "Reference Handler" daemon [_thread_blocked, id=9740, stack(0x0000000015380000,0x0000000015480000)]
  0x00000000022b2800 JavaThread "main" [_thread_blocked, id=16316, stack(0x0000000002190000,0x0000000002290000)]

Other Threads:
  0x0000000014807800 VMThread [stack: 0x0000000015280000,0x0000000015380000] [id=3644]
  0x00000000148b4000 WatcherThread [stack: 0x0000000015a80000,0x0000000015b80000] [id=10824]

VM state:not at safepoint (normal execution)

VM Mutex/Monitor currently owned by a thread: None

Heap:
 PSYoungGen      total 142336K, used 11197K [0x00000000eab00000, 0x00000000f5480000, 0x0000000100000000)
  eden space 118784K, 9% used [0x00000000eab00000,0x00000000eb5ef5d0,0x00000000f1f00000)
  from space 23552K, 0% used [0x00000000f3880000,0x00000000f3880000,0x00000000f4f80000)
  to   space 26112K, 0% used [0x00000000f1f00000,0x00000000f1f00000,0x00000000f3880000)
 ParOldGen       total 71168K, used 35865K [0x00000000c0000000, 0x00000000c4580000, 0x00000000eab00000)
  object space 71168K, 50% used [0x00000000c0000000,0x00000000c2306540,0x00000000c4580000)
 Metaspace       used 49910K, capacity 51332K, committed 51456K, reserved 1093632K
  class space    used 6539K, capacity 6869K, committed 6912K, reserved 1048576K

Card table byte_map: [0x0000000011770000,0x0000000011980000] byte_map_base: 0x0000000011170000

Marking Bits: (ParMarkBitMap*) 0x000000005281b6d0
 Begin Bits: [0x0000000011ce0000, 0x0000000012ce0000)
 End Bits:   [0x0000000012ce0000, 0x0000000013ce0000)

Polling page: 0x0000000000510000

CodeCache: size=245760Kb used=28127Kb max_used=28376Kb free=217632Kb
 bounds [0x00000000023b0000, 0x0000000003fd0000, 0x00000000113b0000]
 total_blobs=8397 nmethods=7668 adapters=641
 compilation: enabled

Compilation events (10 events):
Event: 1316.220 Thread 0x0000000014840000 9463       3       java.io.WinNTFileSystem::canonicalize (372 bytes)
Event: 1316.226 Thread 0x000000001483d000 9465       4       java.lang.Long::hashCode (8 bytes)
Event: 1316.227 Thread 0x000000001483d000 nmethod 9465 0x00000000032d0d10 code [0x00000000032d0e40, 0x00000000032d0eb8]
Event: 1316.236 Thread 0x0000000014840000 nmethod 9463 0x000000000324b250 code [0x000000000324b9a0, 0x0000000003250e78]
Event: 1316.237 Thread 0x0000000014840000 9464       3       org.gradle.internal.concurrent.CompositeStoppable::<init> (16 bytes)
Event: 1316.237 Thread 0x0000000014840000 nmethod 9464 0x0000000002951e10 code [0x0000000002951fc0, 0x0000000002952770]
Event: 1326.224 Thread 0x000000001483d000 9466       4       java.io.ObjectInputStream::readClassDesc (128 bytes)
Event: 1326.224 Thread 0x0000000014840000 9467   !   3       org.gradle.internal.concurrent.CompositeStoppable::stop (114 bytes)
Event: 1326.227 Thread 0x0000000014840000 nmethod 9467 0x00000000033873d0 code [0x0000000003387700, 0x0000000003388fd8]
Event: 1326.810 Thread 0x000000001483d000 nmethod 9466 0x0000000003fa7dd0 code [0x0000000003fa8860, 0x0000000003fb16b8]

GC Heap History (10 events):
Event: 315.219 GC heap before
{Heap before GC invocations=23 (full 2):
 PSYoungGen      total 124416K, used 124385K [0x00000000eab00000, 0x00000000f3c00000, 0x0000000100000000)
  eden space 108544K, 100% used [0x00000000eab00000,0x00000000f1500000,0x00000000f1500000)
  from space 15872K, 99% used [0x00000000f2780000,0x00000000f36f8460,0x00000000f3700000)
  to   space 18944K, 0% used [0x00000000f1500000,0x00000000f1500000,0x00000000f2780000)
 ParOldGen       total 71168K, used 28586K [0x00000000c0000000, 0x00000000c4580000, 0x00000000eab00000)
  object space 71168K, 40% used [0x00000000c0000000,0x00000000c1bea8f8,0x00000000c4580000)
 Metaspace       used 46622K, capacity 47936K, committed 48000K, reserved 1091584K
  class space    used 6115K, capacity 6483K, committed 6528K, reserved 1048576K
Event: 315.276 GC heap after
Heap after GC invocations=23 (full 2):
 PSYoungGen      total 127488K, used 14945K [0x00000000eab00000, 0x00000000f5000000, 0x0000000100000000)
  eden space 108544K, 0% used [0x00000000eab00000,0x00000000eab00000,0x00000000f1500000)
  from space 18944K, 78% used [0x00000000f1500000,0x00000000f2398480,0x00000000f2780000)
  to   space 20480K, 0% used [0x00000000f3c00000,0x00000000f3c00000,0x00000000f5000000)
 ParOldGen       total 71168K, used 29630K [0x00000000c0000000, 0x00000000c4580000, 0x00000000eab00000)
  object space 71168K, 41% used [0x00000000c0000000,0x00000000c1cef908,0x00000000c4580000)
 Metaspace       used 46622K, capacity 47936K, committed 48000K, reserved 1091584K
  class space    used 6115K, capacity 6483K, committed 6528K, reserved 1048576K
}
Event: 346.312 GC heap before
{Heap before GC invocations=24 (full 2):
 PSYoungGen      total 127488K, used 123489K [0x00000000eab00000, 0x00000000f5000000, 0x0000000100000000)
  eden space 108544K, 100% used [0x00000000eab00000,0x00000000f1500000,0x00000000f1500000)
  from space 18944K, 78% used [0x00000000f1500000,0x00000000f2398480,0x00000000f2780000)
  to   space 20480K, 0% used [0x00000000f3c00000,0x00000000f3c00000,0x00000000f5000000)
 ParOldGen       total 71168K, used 29630K [0x00000000c0000000, 0x00000000c4580000, 0x00000000eab00000)
  object space 71168K, 41% used [0x00000000c0000000,0x00000000c1cef908,0x00000000c4580000)
 Metaspace       used 46630K, capacity 47936K, committed 48000K, reserved 1091584K
  class space    used 6115K, capacity 6483K, committed 6528K, reserved 1048576K
Event: 346.352 GC heap after
Heap after GC invocations=24 (full 2):
 PSYoungGen      total 145920K, used 14657K [0x00000000eab00000, 0x00000000f5080000, 0x0000000100000000)
  eden space 125440K, 0% used [0x00000000eab00000,0x00000000eab00000,0x00000000f2580000)
  from space 20480K, 71% used [0x00000000f3c00000,0x00000000f4a50460,0x00000000f5000000)
  to   space 22016K, 0% used [0x00000000f2580000,0x00000000f2580000,0x00000000f3b00000)
 ParOldGen       total 71168K, used 29638K [0x00000000c0000000, 0x00000000c4580000, 0x00000000eab00000)
  object space 71168K, 41% used [0x00000000c0000000,0x00000000c1cf1908,0x00000000c4580000)
 Metaspace       used 46630K, capacity 47936K, committed 48000K, reserved 1091584K
  class space    used 6115K, capacity 6483K, committed 6528K, reserved 1048576K
}
Event: 385.033 GC heap before
{Heap before GC invocations=25 (full 2):
 PSYoungGen      total 145920K, used 140097K [0x00000000eab00000, 0x00000000f5080000, 0x0000000100000000)
  eden space 125440K, 100% used [0x00000000eab00000,0x00000000f2580000,0x00000000f2580000)
  from space 20480K, 71% used [0x00000000f3c00000,0x00000000f4a50460,0x00000000f5000000)
  to   space 22016K, 0% used [0x00000000f2580000,0x00000000f2580000,0x00000000f3b00000)
 ParOldGen       total 71168K, used 29638K [0x00000000c0000000, 0x00000000c4580000, 0x00000000eab00000)
  object space 71168K, 41% used [0x00000000c0000000,0x00000000c1cf1908,0x00000000c4580000)
 Metaspace       used 47501K, capacity 48822K, committed 48896K, reserved 1091584K
  class space    used 6236K, capacity 6587K, committed 6656K, reserved 1048576K
Event: 385.072 GC heap after
Heap after GC invocations=25 (full 2):
 PSYoungGen      total 138240K, used 16414K [0x00000000eab00000, 0x00000000f4f80000, 0x0000000100000000)
  eden space 121344K, 0% used [0x00000000eab00000,0x00000000eab00000,0x00000000f2180000)
  from space 16896K, 97% used [0x00000000f2580000,0x00000000f3587828,0x00000000f3600000)
  to   space 23552K, 0% used [0x00000000f3880000,0x00000000f3880000,0x00000000f4f80000)
 ParOldGen       total 71168K, used 29646K [0x00000000c0000000, 0x00000000c4580000, 0x00000000eab00000)
  object space 71168K, 41% used [0x00000000c0000000,0x00000000c1cf3908,0x00000000c4580000)
 Metaspace       used 47501K, capacity 48822K, committed 48896K, reserved 1091584K
  class space    used 6236K, capacity 6587K, committed 6656K, reserved 1048576K
}
Event: 404.472 GC heap before
{Heap before GC invocations=26 (full 2):
 PSYoungGen      total 138240K, used 113780K [0x00000000eab00000, 0x00000000f4f80000, 0x0000000100000000)
  eden space 121344K, 80% used [0x00000000eab00000,0x00000000f0a158a0,0x00000000f2180000)
  from space 16896K, 97% used [0x00000000f2580000,0x00000000f3587828,0x00000000f3600000)
  to   space 23552K, 0% used [0x00000000f3880000,0x00000000f3880000,0x00000000f4f80000)
 ParOldGen       total 71168K, used 29646K [0x00000000c0000000, 0x00000000c4580000, 0x00000000eab00000)
  object space 71168K, 41% used [0x00000000c0000000,0x00000000c1cf3908,0x00000000c4580000)
 Metaspace       used 49780K, capacity 51204K, committed 51456K, reserved 1093632K
  class space    used 6532K, capacity 6889K, committed 6912K, reserved 1048576K
Event: 404.525 GC heap after
Heap after GC invocations=26 (full 2):
 PSYoungGen      total 142336K, used 20451K [0x00000000eab00000, 0x00000000f5480000, 0x0000000100000000)
  eden space 118784K, 0% used [0x00000000eab00000,0x00000000eab00000,0x00000000f1f00000)
  from space 23552K, 86% used [0x00000000f3880000,0x00000000f4c78f98,0x00000000f4f80000)
  to   space 26112K, 0% used [0x00000000f1f00000,0x00000000f1f00000,0x00000000f3880000)
 ParOldGen       total 71168K, used 29654K [0x00000000c0000000, 0x00000000c4580000, 0x00000000eab00000)
  object space 71168K, 41% used [0x00000000c0000000,0x00000000c1cf5908,0x00000000c4580000)
 Metaspace       used 49780K, capacity 51204K, committed 51456K, reserved 1093632K
  class space    used 6532K, capacity 6889K, committed 6912K, reserved 1048576K
}
Event: 404.525 GC heap before
{Heap before GC invocations=27 (full 3):
 PSYoungGen      total 142336K, used 20451K [0x00000000eab00000, 0x00000000f5480000, 0x0000000100000000)
  eden space 118784K, 0% used [0x00000000eab00000,0x00000000eab00000,0x00000000f1f00000)
  from space 23552K, 86% used [0x00000000f3880000,0x00000000f4c78f98,0x00000000f4f80000)
  to   space 26112K, 0% used [0x00000000f1f00000,0x00000000f1f00000,0x00000000f3880000)
 ParOldGen       total 71168K, used 29654K [0x00000000c0000000, 0x00000000c4580000, 0x00000000eab00000)
  object space 71168K, 41% used [0x00000000c0000000,0x00000000c1cf5908,0x00000000c4580000)
 Metaspace       used 49780K, capacity 51204K, committed 51456K, reserved 1093632K
  class space    used 6532K, capacity 6889K, committed 6912K, reserved 1048576K
Event: 405.072 GC heap after
Heap after GC invocations=27 (full 3):
 PSYoungGen      total 142336K, used 0K [0x00000000eab00000, 0x00000000f5480000, 0x0000000100000000)
  eden space 118784K, 0% used [0x00000000eab00000,0x00000000eab00000,0x00000000f1f00000)
  from space 23552K, 0% used [0x00000000f3880000,0x00000000f3880000,0x00000000f4f80000)
  to   space 26112K, 0% used [0x00000000f1f00000,0x00000000f1f00000,0x00000000f3880000)
 ParOldGen       total 71168K, used 35865K [0x00000000c0000000, 0x00000000c4580000, 0x00000000eab00000)
  object space 71168K, 50% used [0x00000000c0000000,0x00000000c2306540,0x00000000c4580000)
 Metaspace       used 49744K, capacity 51084K, committed 51456K, reserved 1093632K
  class space    used 6522K, capacity 6849K, committed 6912K, reserved 1048576K
}

Deoptimization events (10 events):
Event: 405.083 Thread 0x0000000016a13800 Uncommon trap: reason=unstable_if action=reinterpret pc=0x0000000003687dc8 method=java.util.concurrent.locks.AbstractQueuedSynchronizer.isOnSyncQueue(Ljava/util/concurrent/locks/AbstractQueuedSynchronizer$Node;)Z @ 22
Event: 405.108 Thread 0x0000000016a13800 Uncommon trap: reason=class_check action=maybe_recompile pc=0x00000000028b3648 method=org.gradle.launcher.daemon.server.SynchronizedDispatchConnection.dispatch(Ljava/lang/Object;)V @ 1
Event: 405.189 Thread 0x00000000169d4000 Uncommon trap: reason=unstable_if action=reinterpret pc=0x0000000002f800a0 method=java.nio.channels.spi.AbstractInterruptibleChannel.end(Z)V @ 31
Event: 405.189 Thread 0x00000000169d4000 Uncommon trap: reason=unstable_if action=reinterpret pc=0x000000000388c888 method=com.esotericsoftware.kryo.io.Input.require(I)I @ 117
Event: 436.229 Thread 0x0000000016d19000 Uncommon trap: reason=unstable_if action=reinterpret pc=0x0000000002687f40 method=java.io.ExpiringCache.entryFor(Ljava/lang/String;)Ljava/io/ExpiringCache$Entry; @ 39
Event: 436.229 Thread 0x0000000016d19000 Uncommon trap: reason=unstable_if action=reinterpret pc=0x0000000002eac388 method=java.io.ExpiringCache.entryFor(Ljava/lang/String;)Ljava/io/ExpiringCache$Entry; @ 39
Event: 746.218 Thread 0x0000000016d19000 Uncommon trap: reason=class_check action=maybe_recompile pc=0x000000000319e914 method=java.lang.reflect.Array.newInstance(Ljava/lang/Class;I)Ljava/lang/Object; @ 2
Event: 746.218 Thread 0x0000000016d19000 Uncommon trap: reason=class_check action=maybe_recompile pc=0x000000000319e914 method=java.lang.reflect.Array.newInstance(Ljava/lang/Class;I)Ljava/lang/Object; @ 2
Event: 756.224 Thread 0x0000000016d19000 Uncommon trap: reason=class_check action=maybe_recompile pc=0x000000000319e914 method=java.lang.reflect.Array.newInstance(Ljava/lang/Class;I)Ljava/lang/Object; @ 2
Event: 756.225 Thread 0x0000000016d19000 Uncommon trap: reason=class_check action=maybe_recompile pc=0x000000000319e914 method=java.lang.reflect.Array.newInstance(Ljava/lang/Class;I)Ljava/lang/Object; @ 2

Internal exceptions (10 events):
Event: 1336.236 Thread 0x0000000016d19000 Exception <a 'java/io/IOException'> (0x00000000eb5e5188) thrown at [C:\re\workspace\8-2-build-windows-amd64-cygwin\jdk8u121\8372\hotspot\src\share\vm\prims\jni.cpp, line 709]
Event: 1336.236 Thread 0x0000000016d19000 Exception <a 'java/io/IOException'> (0x00000000eb5e5880) thrown at [C:\re\workspace\8-2-build-windows-amd64-cygwin\jdk8u121\8372\hotspot\src\share\vm\prims\jni.cpp, line 709]
Event: 1336.254 Thread 0x0000000016d19000 Exception <a 'java/io/IOException'> (0x00000000eb5eb440) thrown at [C:\re\workspace\8-2-build-windows-amd64-cygwin\jdk8u121\8372\hotspot\src\share\vm\prims\jni.cpp, line 709]
Event: 1336.254 Thread 0x0000000016d19000 Exception <a 'java/io/IOException'> (0x00000000eb5ebb30) thrown at [C:\re\workspace\8-2-build-windows-amd64-cygwin\jdk8u121\8372\hotspot\src\share\vm\prims\jni.cpp, line 709]
Event: 1336.254 Thread 0x0000000016d19000 Exception <a 'java/io/IOException'> (0x00000000eb5ec210) thrown at [C:\re\workspace\8-2-build-windows-amd64-cygwin\jdk8u121\8372\hotspot\src\share\vm\prims\jni.cpp, line 709]
Event: 1336.254 Thread 0x0000000016d19000 Exception <a 'java/io/IOException'> (0x00000000eb5ec908) thrown at [C:\re\workspace\8-2-build-windows-amd64-cygwin\jdk8u121\8372\hotspot\src\share\vm\prims\jni.cpp, line 709]
Event: 1336.254 Thread 0x0000000016d19000 Exception <a 'java/io/IOException'> (0x00000000eb5ecfe8) thrown at [C:\re\workspace\8-2-build-windows-amd64-cygwin\jdk8u121\8372\hotspot\src\share\vm\prims\jni.cpp, line 709]
Event: 1336.254 Thread 0x0000000016d19000 Exception <a 'java/io/IOException'> (0x00000000eb5ed6c8) thrown at [C:\re\workspace\8-2-build-windows-amd64-cygwin\jdk8u121\8372\hotspot\src\share\vm\prims\jni.cpp, line 709]
Event: 1336.254 Thread 0x0000000016d19000 Exception <a 'java/io/IOException'> (0x00000000eb5eddf8) thrown at [C:\re\workspace\8-2-build-windows-amd64-cygwin\jdk8u121\8372\hotspot\src\share\vm\prims\jni.cpp, line 709]
Event: 1336.254 Thread 0x0000000016d19000 Exception <a 'java/io/IOException'> (0x00000000eb5ee4d8) thrown at [C:\re\workspace\8-2-build-windows-amd64-cygwin\jdk8u121\8372\hotspot\src\share\vm\prims\jni.cpp, line 709]

Events (10 events):
Event: 746.218 Thread 0x0000000016d19000 DEOPT PACKING pc=0x000000000319e914 sp=0x000000001784d8e0
Event: 746.218 Thread 0x0000000016d19000 DEOPT UNPACKING pc=0x00000000023f556a sp=0x000000001784d880 mode 2
Event: 756.224 Thread 0x0000000016d19000 Uncommon trap: trap_request=0xffffffde fr.pc=0x000000000319e914
Event: 756.224 Thread 0x0000000016d19000 DEOPT PACKING pc=0x000000000319e914 sp=0x000000001784cba0
Event: 756.224 Thread 0x0000000016d19000 DEOPT UNPACKING pc=0x00000000023f556a sp=0x000000001784cb40 mode 2
Event: 756.225 Thread 0x0000000016d19000 Uncommon trap: trap_request=0xffffffde fr.pc=0x000000000319e914
Event: 756.225 Thread 0x0000000016d19000 DEOPT PACKING pc=0x000000000319e914 sp=0x000000001784d8e0
Event: 756.225 Thread 0x0000000016d19000 DEOPT UNPACKING pc=0x00000000023f556a sp=0x000000001784d880 mode 2
Event: 1336.237 loading class org/gradle/launcher/daemon/registry/PersistentDaemonRegistry$4
Event: 1336.237 loading class org/gradle/launcher/daemon/registry/PersistentDaemonRegistry$4 done


Dynamic libraries:
0x00007ff626be0000 - 0x00007ff626c17000 	C:\Program Files\Java\jdk1.8.0_121\bin\java.exe
0x00007ffff3450000 - 0x00007ffff3621000 	C:\WINDOWS\SYSTEM32\ntdll.dll
0x00007ffff0f90000 - 0x00007ffff103b000 	C:\WINDOWS\System32\KERNEL32.DLL
0x00007fffef9e0000 - 0x00007fffefbfd000 	C:\WINDOWS\System32\KERNELBASE.dll
0x00007ffff2ca0000 - 0x00007ffff2d42000 	C:\WINDOWS\System32\ADVAPI32.dll
0x00007ffff31d0000 - 0x00007ffff326e000 	C:\WINDOWS\System32\msvcrt.dll
0x00007ffff0f30000 - 0x00007ffff0f89000 	C:\WINDOWS\System32\sechost.dll
0x00007ffff1100000 - 0x00007ffff1221000 	C:\WINDOWS\System32\RPCRT4.dll
0x00007ffff2ff0000 - 0x00007ffff3155000 	C:\WINDOWS\System32\USER32.dll
0x00007fffefd90000 - 0x00007fffefdae000 	C:\WINDOWS\System32\win32u.dll
0x00007ffff3410000 - 0x00007ffff3444000 	C:\WINDOWS\System32\GDI32.dll
0x00007fffefc00000 - 0x00007fffefd82000 	C:\WINDOWS\System32\gdi32full.dll
0x00007fffeb4b0000 - 0x00007fffeb729000 	C:\WINDOWS\WinSxS\amd64_microsoft.windows.common-controls_6595b64144ccf1df_6.0.14393.0_none_2d0f50fcbdb171b8\COMCTL32.dll
0x00007ffff1390000 - 0x00007ffff1657000 	C:\WINDOWS\System32\combase.dll
0x00007ffff08e0000 - 0x00007ffff09d5000 	C:\WINDOWS\System32\ucrtbase.dll
0x00007ffff0650000 - 0x00007ffff06ba000 	C:\WINDOWS\System32\bcryptPrimitives.dll
0x00007ffff09f0000 - 0x00007ffff0a1e000 	C:\WINDOWS\System32\IMM32.DLL
0x0000000053920000 - 0x00000000539f2000 	C:\Program Files\Java\jdk1.8.0_121\jre\bin\msvcr100.dll
0x0000000052000000 - 0x000000005289b000 	C:\Program Files\Java\jdk1.8.0_121\jre\bin\server\jvm.dll
0x00007ffff09e0000 - 0x00007ffff09e8000 	C:\WINDOWS\System32\PSAPI.DLL
0x00007fffe8870000 - 0x00007fffe8879000 	C:\WINDOWS\SYSTEM32\WSOCK32.dll
0x00007ffff3160000 - 0x00007ffff31ca000 	C:\WINDOWS\System32\WS2_32.dll
0x00007fffed4e0000 - 0x00007fffed503000 	C:\WINDOWS\SYSTEM32\WINMM.dll
0x00007fffedea0000 - 0x00007fffedeaa000 	C:\WINDOWS\SYSTEM32\VERSION.dll
0x00007fffed480000 - 0x00007fffed4ab000 	C:\WINDOWS\SYSTEM32\WINMMBASE.dll
0x00007ffff06c0000 - 0x00007ffff0702000 	C:\WINDOWS\System32\cfgmgr32.dll
0x0000000053910000 - 0x000000005391f000 	C:\Program Files\Java\jdk1.8.0_121\jre\bin\verify.dll
0x00000000538e0000 - 0x0000000053909000 	C:\Program Files\Java\jdk1.8.0_121\jre\bin\java.dll
0x00000000538c0000 - 0x00000000538d6000 	C:\Program Files\Java\jdk1.8.0_121\jre\bin\zip.dll
0x00007ffff1780000 - 0x00007ffff2c88000 	C:\WINDOWS\System32\SHELL32.dll
0x00007fffefec0000 - 0x00007ffff059a000 	C:\WINDOWS\System32\windows.storage.dll
0x00007fffef990000 - 0x00007fffef9dc000 	C:\WINDOWS\System32\powrprof.dll
0x00007ffff10a0000 - 0x00007ffff10f2000 	C:\WINDOWS\System32\shlwapi.dll
0x00007fffef950000 - 0x00007fffef95f000 	C:\WINDOWS\System32\kernel.appcore.dll
0x00007ffff05a0000 - 0x00007ffff0649000 	C:\WINDOWS\System32\shcore.dll
0x00007fffef960000 - 0x00007fffef974000 	C:\WINDOWS\System32\profapi.dll
0x00000000538a0000 - 0x00000000538ba000 	C:\Program Files\Java\jdk1.8.0_121\jre\bin\net.dll
0x00007fffeef80000 - 0x00007fffeefdc000 	C:\WINDOWS\system32\mswsock.dll
0x0000000053880000 - 0x0000000053891000 	C:\Program Files\Java\jdk1.8.0_121\jre\bin\nio.dll
0x0000000053840000 - 0x000000005384d000 	C:\Program Files\Java\jdk1.8.0_121\jre\bin\management.dll
0x00007fffef590000 - 0x00007fffef5a7000 	C:\WINDOWS\SYSTEM32\CRYPTSP.dll
0x00007fffeeb90000 - 0x00007fffeebc3000 	C:\WINDOWS\system32\rsaenh.dll
0x00007fffef560000 - 0x00007fffef58b000 	C:\WINDOWS\SYSTEM32\bcrypt.dll
0x00007fffeee00000 - 0x00007fffeee1f000 	C:\WINDOWS\SYSTEM32\USERENV.dll
0x00007fffef120000 - 0x00007fffef12b000 	C:\WINDOWS\SYSTEM32\CRYPTBASE.dll
0x00007fffeed10000 - 0x00007fffeed48000 	C:\WINDOWS\SYSTEM32\IPHLPAPI.DLL
0x00007ffff0eb0000 - 0x00007ffff0eb8000 	C:\WINDOWS\System32\NSI.dll
0x00007fffe7890000 - 0x00007fffe78a6000 	C:\WINDOWS\SYSTEM32\dhcpcsvc6.DLL
0x00007fffe7940000 - 0x00007fffe795a000 	C:\WINDOWS\SYSTEM32\dhcpcsvc.DLL
0x0000000053810000 - 0x0000000053834000 	C:\Program Files\Java\jdk1.8.0_121\jre\bin\sunec.dll
0x00007fffeed60000 - 0x00007fffeee00000 	C:\WINDOWS\SYSTEM32\DNSAPI.dll
0x00007fffedf30000 - 0x00007fffedf47000 	C:\Windows\system32\wlidnsp.dll
0x0000000053bf0000 - 0x0000000053c16000 	C:\Program Files\Bonjour\mdnsNSP.dll
0x00007fffedf20000 - 0x00007fffedf2a000 	C:\Windows\System32\rasadhlp.dll
0x00007fffe79e0000 - 0x00007fffe7a4a000 	C:\WINDOWS\System32\fwpuclnt.dll
0x0000000053800000 - 0x000000005380b000 	C:\Program Files\Java\jdk1.8.0_121\jre\bin\sunmscapi.dll
0x00007ffff0710000 - 0x00007ffff08d8000 	C:\WINDOWS\System32\CRYPT32.dll
0x00007fffef980000 - 0x00007fffef990000 	C:\WINDOWS\System32\MSASN1.dll
0x00007fffef5b0000 - 0x00007fffef742000 	C:\WINDOWS\SYSTEM32\dbghelp.dll

VM Arguments:
jvm_args: -XX:MaxPermSize=256m -XX:+HeapDumpOnOutOfMemoryError -Xmx1024m -Dfile.encoding=windows-1252 -Duser.country=US -Duser.language=en -Duser.variant 
java_command: org.gradle.launcher.daemon.bootstrap.GradleDaemon 3.0
java_class_path (initial): C:\Users\jjchiw\.gradle\wrapper\dists\gradle-3.0-bin\2z3tfybitalx2py5dr8rf2mti\gradle-3.0\lib\gradle-launcher-3.0.jar
Launcher Type: SUN_STANDARD

Environment Variables:
JAVA_HOME=C:\Program Files\Java\jdk1.8.0_121
CLASSPATH=C:\Users\jjchiw\Documents\wsp\grails-performance-2v3-sample\grails3.2.7\\gradle\wrapper\gradle-wrapper.jar
PATH=C:\Program Files\ConEmu\ConEmu\Scripts;C:\Program Files\ConEmu;C:\Program Files\ConEmu\ConEmu;C:\Users\jjchiw\AppData\Roaming\scriptcs;C:\WINDOWS\system32;C:\WINDOWS;C:\WINDOWS\System32\Wbem;C:\WINDOWS\System32\WindowsPowerShell\v1.0\;C:\ProgramData\chocolatey\bin;C:\Program Files\Git\cmd;C:\Program Files\Mercurial;C:\Program Files\SourceGear\Common\DiffMerge\;C:\Program Files (x86)\GNU\GnuPG\pub;C:\Program Files\OpenVPN\bin;C:\Program Files\TortoiseSVN\bin;C:\Program Files\Java\jdk1.8.0_121\bin;C:\tools\groovy-2.4.9\bin;C:\Users\jjchiw\AppData\Local\Microsoft\WindowsApps;C:\Program Files (x86)\Microsoft VS Code\bin;C:\Users\jjchiw\Documents\Tools\grails-2.5.0\bin
USERNAME=jjchiw
OS=Windows_NT
PROCESSOR_IDENTIFIER=Intel64 Family 6 Model 23 Stepping 10, GenuineIntel



---------------  S Y S T E M  ---------------

OS: Windows 10.0 , 64 bit Build 14393 (10.0.14393.0)

CPU:total 2 (2 cores per cpu, 1 threads per core) family 6 model 23 stepping 10, cmov, cx8, fxsr, mmx, sse, sse2, sse3, ssse3, sse4.1, tsc

Memory: 4k page, physical 6286204k(2646384k free), swap 11720452k(5361160k free)

vm_info: Java HotSpot(TM) 64-Bit Server VM (25.121-b13) for windows-amd64 JRE (1.8.0_121-b13), built on Dec 12 2016 18:21:36 by "java_re" with MS VC++ 10.0 (VS2010)

time: Mon Mar 20 10:57:42 2017
elapsed time: 1336 seconds (0d 0h 22m 16s)

